Performing C SOURCE FILE Test HAVE_FLAG_ADDRESS_SANITIZER failed with the following output:
Change Dir: /Users/jfpoole/Projects/cmark/macos/CMakeFiles/CMakeTmp

Run Build Command:"/usr/bin/xcodebuild" "-project" "CMAKE_TRY_COMPILE.xcodeproj" "build" "-target" "cmTC_e1f8a" "-configuration" "Debug"
=== BUILD TARGET cmTC_e1f8a OF PROJECT CMAKE_TRY_COMPILE WITH CONFIGURATION Debug ===

Check dependencies

Write auxiliary files
/bin/mkdir -p /Users/jfpoole/Projects/cmark/macos/CMakeFiles/CMakeTmp/CMAKE_TRY_COMPILE.build/Debug/cmTC_e1f8a.build/Objects-normal/x86_64
write-file /Users/jfpoole/Projects/cmark/macos/CMakeFiles/CMakeTmp/CMAKE_TRY_COMPILE.build/Debug/cmTC_e1f8a.build/Objects-normal/x86_64/cmTC_e1f8a.LinkFileList

CompileC CMAKE_TRY_COMPILE.build/Debug/cmTC_e1f8a.build/Objects-normal/x86_64/src.o src.c normal x86_64 c com.apple.compilers.llvm.clang.1_0.compiler
    cd /Users/jfpoole/Projects/cmark/macos/CMakeFiles/CMakeTmp
    export LANG=en_US.US-ASCII
    /Applications/Xcode.app/Contents/Developer/Toolchains/XcodeDefault.xctoolchain/usr/bin/clang -x c -arch x86_64 -fmessage-length=0 -fdiagnostics-show-note-include-stack -fmacro-backtrace-limit=0 -Wno-trigraphs -fpascal-strings -O0 -Wno-missing-field-initializers -Wno-missing-prototypes -Wno-return-type -Wno-missing-braces -Wparentheses -Wswitch -Wno-unused-function -Wno-unused-label -Wno-unused-parameter -Wno-unused-variable -Wunused-value -Wno-empty-body -Wno-uninitialized -Wno-unknown-pragmas -Wno-shadow -Wno-four-char-constants -Wno-conversion -Wno-constant-conversion -Wno-int-conversion -Wno-bool-conversion -Wno-enum-conversion -Wno-float-conversion -Wno-non-literal-null-conversion -Wno-objc-literal-conversion -Wno-shorten-64-to-32 -Wpointer-sign -Wno-newline-eof -DCMAKE_INTDIR=\"Debug\" -isysroot /Applications/Xcode.app/Contents/Developer/Platforms/MacOSX.platform/Developer/SDKs/MacOSX10.13.sdk -fasm-blocks -fstrict-aliasing -Wdeprecated-declarations -mmacosx-version-min=10.13 -g -Wno-sign-conversion -Wno-infinite-recursion -Wno-comma -Wno-block-capture-autoreleasing -Wno-strict-prototypes -I/Users/jfpoole/Projects/cmark/macos/CMakeFiles/CMakeTmp/Debug/include -I/Users/jfpoole/Projects/cmark/macos/CMakeFiles/CMakeTmp/CMAKE_TRY_COMPILE.build/Debug/cmTC_e1f8a.build/DerivedSources/x86_64 -I/Users/jfpoole/Projects/cmark/macos/CMakeFiles/CMakeTmp/CMAKE_TRY_COMPILE.build/Debug/cmTC_e1f8a.build/DerivedSources -Wmost -Wno-four-char-constants -Wno-unknown-pragmas -F/Users/jfpoole/Projects/cmark/macos/CMakeFiles/CMakeTmp/Debug -DHAVE_FLAG_ADDRESS_SANITIZER -Werror -faddress-sanitizer -faddress-sanitizer -MMD -MT dependencies -MF /Users/jfpoole/Projects/cmark/macos/CMakeFiles/CMakeTmp/CMAKE_TRY_COMPILE.build/Debug/cmTC_e1f8a.build/Objects-normal/x86_64/src.d --serialize-diagnostics /Users/jfpoole/Projects/cmark/macos/CMakeFiles/CMakeTmp/CMAKE_TRY_COMPILE.build/Debug/cmTC_e1f8a.build/Objects-normal/x86_64/src.dia -c /Users/jfpoole/Projects/cmark/macos/CMakeFiles/CMakeTmp/src.c -o /Users/jfpoole/Projects/cmark/macos/CMakeFiles/CMakeTmp/CMAKE_TRY_COMPILE.build/Debug/cmTC_e1f8a.build/Objects-normal/x86_64/src.o
clang: error: unknown argument: '-faddress-sanitizer'
clang: error: unknown argument: '-faddress-sanitizer'

** BUILD FAILED **


The following build commands failed:
	CompileC CMAKE_TRY_COMPILE.build/Debug/cmTC_e1f8a.build/Objects-normal/x86_64/src.o src.c normal x86_64 c com.apple.compilers.llvm.clang.1_0.compiler
(1 failure)

Source file was:
int main(void) { return 0; }
Performing C SOURCE FILE Test HAVE_FLAG_SANITIZE_ADDRESS failed with the following output:
Change Dir: /Users/jfpoole/Projects/cmark/macos/CMakeFiles/CMakeTmp

Run Build Command:"/usr/bin/xcodebuild" "-project" "CMAKE_TRY_COMPILE.xcodeproj" "build" "-target" "cmTC_154dd" "-configuration" "Debug"
=== BUILD TARGET cmTC_154dd OF PROJECT CMAKE_TRY_COMPILE WITH CONFIGURATION Debug ===

Check dependencies

Write auxiliary files
/bin/mkdir -p /Users/jfpoole/Projects/cmark/macos/CMakeFiles/CMakeTmp/CMAKE_TRY_COMPILE.build/Debug/cmTC_154dd.build/Objects-normal/x86_64
write-file /Users/jfpoole/Projects/cmark/macos/CMakeFiles/CMakeTmp/CMAKE_TRY_COMPILE.build/Debug/cmTC_154dd.build/Objects-normal/x86_64/cmTC_154dd.LinkFileList

CompileC CMAKE_TRY_COMPILE.build/Debug/cmTC_154dd.build/Objects-normal/x86_64/src.o src.c normal x86_64 c com.apple.compilers.llvm.clang.1_0.compiler
    cd /Users/jfpoole/Projects/cmark/macos/CMakeFiles/CMakeTmp
    export LANG=en_US.US-ASCII
    /Applications/Xcode.app/Contents/Developer/Toolchains/XcodeDefault.xctoolchain/usr/bin/clang -x c -arch x86_64 -fmessage-length=0 -fdiagnostics-show-note-include-stack -fmacro-backtrace-limit=0 -Wno-trigraphs -fpascal-strings -O0 -Wno-missing-field-initializers -Wno-missing-prototypes -Wno-return-type -Wno-missing-braces -Wparentheses -Wswitch -Wno-unused-function -Wno-unused-label -Wno-unused-parameter -Wno-unused-variable -Wunused-value -Wno-empty-body -Wno-uninitialized -Wno-unknown-pragmas -Wno-shadow -Wno-four-char-constants -Wno-conversion -Wno-constant-conversion -Wno-int-conversion -Wno-bool-conversion -Wno-enum-conversion -Wno-float-conversion -Wno-non-literal-null-conversion -Wno-objc-literal-conversion -Wno-shorten-64-to-32 -Wpointer-sign -Wno-newline-eof -DCMAKE_INTDIR=\"Debug\" -isysroot /Applications/Xcode.app/Contents/Developer/Platforms/MacOSX.platform/Developer/SDKs/MacOSX10.13.sdk -fasm-blocks -fstrict-aliasing -Wdeprecated-declarations -mmacosx-version-min=10.13 -g -Wno-sign-conversion -Wno-infinite-recursion -Wno-comma -Wno-block-capture-autoreleasing -Wno-strict-prototypes -I/Users/jfpoole/Projects/cmark/macos/CMakeFiles/CMakeTmp/Debug/include -I/Users/jfpoole/Projects/cmark/macos/CMakeFiles/CMakeTmp/CMAKE_TRY_COMPILE.build/Debug/cmTC_154dd.build/DerivedSources/x86_64 -I/Users/jfpoole/Projects/cmark/macos/CMakeFiles/CMakeTmp/CMAKE_TRY_COMPILE.build/Debug/cmTC_154dd.build/DerivedSources -Wmost -Wno-four-char-constants -Wno-unknown-pragmas -F/Users/jfpoole/Projects/cmark/macos/CMakeFiles/CMakeTmp/Debug -DHAVE_FLAG_SANITIZE_ADDRESS -Werror -fsanitize=address -fsanitize=address -MMD -MT dependencies -MF /Users/jfpoole/Projects/cmark/macos/CMakeFiles/CMakeTmp/CMAKE_TRY_COMPILE.build/Debug/cmTC_154dd.build/Objects-normal/x86_64/src.d --serialize-diagnostics /Users/jfpoole/Projects/cmark/macos/CMakeFiles/CMakeTmp/CMAKE_TRY_COMPILE.build/Debug/cmTC_154dd.build/Objects-normal/x86_64/src.dia -c /Users/jfpoole/Projects/cmark/macos/CMakeFiles/CMakeTmp/src.c -o /Users/jfpoole/Projects/cmark/macos/CMakeFiles/CMakeTmp/CMAKE_TRY_COMPILE.build/Debug/cmTC_154dd.build/Objects-normal/x86_64/src.o

Ld Debug/cmTC_154dd normal x86_64
    cd /Users/jfpoole/Projects/cmark/macos/CMakeFiles/CMakeTmp
    export MACOSX_DEPLOYMENT_TARGET=10.13
    /Applications/Xcode.app/Contents/Developer/Toolchains/XcodeDefault.xctoolchain/usr/bin/clang -arch x86_64 -isysroot /Applications/Xcode.app/Contents/Developer/Platforms/MacOSX.platform/Developer/SDKs/MacOSX10.13.sdk -L/Users/jfpoole/Projects/cmark/macos/CMakeFiles/CMakeTmp/Debug -F/Users/jfpoole/Projects/cmark/macos/CMakeFiles/CMakeTmp/Debug -filelist /Users/jfpoole/Projects/cmark/macos/CMakeFiles/CMakeTmp/CMAKE_TRY_COMPILE.build/Debug/cmTC_154dd.build/Objects-normal/x86_64/cmTC_154dd.LinkFileList -mmacosx-version-min=10.13 -Xlinker -object_path_lto -Xlinker /Users/jfpoole/Projects/cmark/macos/CMakeFiles/CMakeTmp/CMAKE_TRY_COMPILE.build/Debug/cmTC_154dd.build/Objects-normal/x86_64/cmTC_154dd_lto.o -Xlinker -no_deduplicate -Wl,-search_paths_first -Wl,-headerpad_max_install_names -Xlinker -dependency_info -Xlinker /Users/jfpoole/Projects/cmark/macos/CMakeFiles/CMakeTmp/CMAKE_TRY_COMPILE.build/Debug/cmTC_154dd.build/Objects-normal/x86_64/cmTC_154dd_dependency_info.dat -o /Users/jfpoole/Projects/cmark/macos/CMakeFiles/CMakeTmp/Debug/cmTC_154dd
Undefined symbols for architecture x86_64:
  "___asan_init", referenced from:
      _asan.module_ctor in src.o
  "___asan_version_mismatch_check_apple_900", referenced from:
      _asan.module_ctor in src.o
ld: symbol(s) not found for architecture x86_64
clang: error: linker command failed with exit code 1 (use -v to see invocation)

** BUILD FAILED **


The following build commands failed:
	Ld Debug/cmTC_154dd normal x86_64
(1 failure)

Source file was:
int main(void) { return 0; }
